2019-12-27 23:03:57,928 INFO org.springframework.boot.StartupInfoLogger [main] Starting KafkapocApplication on Raj with PID 14940 (G:\project\kafkapractice\kafkapoc\target\classes started by cyber in G:\project\kafkapractice\kafkapoc)
2019-12-27 23:03:58,010 INFO org.springframework.boot.SpringApplication [main] No active profile set, falling back to default profiles: default
2019-12-27 23:04:01,373 INFO org.springframework.boot.web.embedded.tomcat.TomcatWebServer [main] Tomcat initialized with port(s): 8888 (http)
2019-12-27 23:04:01,403 INFO org.apache.juli.logging.DirectJDKLog [main] Initializing ProtocolHandler ["http-nio-8888"]
2019-12-27 23:04:01,405 INFO org.apache.juli.logging.DirectJDKLog [main] Starting service [Tomcat]
2019-12-27 23:04:01,406 INFO org.apache.juli.logging.DirectJDKLog [main] Starting Servlet engine: [Apache Tomcat/9.0.29]
2019-12-27 23:04:01,662 INFO org.apache.juli.logging.DirectJDKLog [main] Initializing Spring embedded WebApplicationContext
2019-12-27 23:04:01,664 INFO org.springframework.boot.web.servlet.context.ServletWebServerApplicationContext [main] Root WebApplicationContext: initialization completed in 3505 ms
2019-12-27 23:04:02,497 INFO org.springframework.scheduling.concurrent.ExecutorConfigurationSupport [main] Initializing ExecutorService 'applicationTaskExecutor'
2019-12-27 23:04:03,015 INFO org.apache.kafka.common.config.AbstractConfig [main] AdminClientConfig values: 
	bootstrap.servers = [127.0.0.1]
	client.dns.lookup = default
	client.id = 
	connections.max.idle.ms = 300000
	metadata.max.age.ms = 300000
	metric.reporters = []
	metrics.num.samples = 2
	metrics.recording.level = INFO
	metrics.sample.window.ms = 30000
	receive.buffer.bytes = 65536
	reconnect.backoff.max.ms = 1000
	reconnect.backoff.ms = 50
	request.timeout.ms = 120000
	retries = 5
	retry.backoff.ms = 100
	sasl.client.callback.handler.class = null
	sasl.jaas.config = null
	sasl.kerberos.kinit.cmd = /usr/bin/kinit
	sasl.kerberos.min.time.before.relogin = 60000
	sasl.kerberos.service.name = null
	sasl.kerberos.ticket.renew.jitter = 0.05
	sasl.kerberos.ticket.renew.window.factor = 0.8
	sasl.login.callback.handler.class = null
	sasl.login.class = null
	sasl.login.refresh.buffer.seconds = 300
	sasl.login.refresh.min.period.seconds = 60
	sasl.login.refresh.window.factor = 0.8
	sasl.login.refresh.window.jitter = 0.05
	sasl.mechanism = GSSAPI
	security.protocol = PLAINTEXT
	send.buffer.bytes = 131072
	ssl.cipher.suites = null
	ssl.enabled.protocols = [TLSv1.2, TLSv1.1, TLSv1]
	ssl.endpoint.identification.algorithm = https
	ssl.key.password = null
	ssl.keymanager.algorithm = SunX509
	ssl.keystore.location = null
	ssl.keystore.password = null
	ssl.keystore.type = JKS
	ssl.protocol = TLS
	ssl.provider = null
	ssl.secure.random.implementation = null
	ssl.trustmanager.algorithm = PKIX
	ssl.truststore.location = null
	ssl.truststore.password = null
	ssl.truststore.type = JKS

2019-12-27 23:04:03,061 ERROR org.springframework.core.log.LogAccessor [main] Could not create admin
org.apache.kafka.common.KafkaException: Failed to create new KafkaAdminClient
	at org.apache.kafka.clients.admin.KafkaAdminClient.createInternal(KafkaAdminClient.java:407)
	at org.apache.kafka.clients.admin.AdminClient.create(AdminClient.java:65)
	at org.springframework.kafka.core.KafkaAdmin.initialize(KafkaAdmin.java:162)
	at org.springframework.kafka.core.KafkaAdmin.afterSingletonsInstantiated(KafkaAdmin.java:144)
	at org.springframework.beans.factory.support.DefaultListableBeanFactory.preInstantiateSingletons(DefaultListableBeanFactory.java:896)
	at org.springframework.context.support.AbstractApplicationContext.finishBeanFactoryInitialization(AbstractApplicationContext.java:878)
	at org.springframework.context.support.AbstractApplicationContext.refresh(AbstractApplicationContext.java:550)
	at org.springframework.boot.web.servlet.context.ServletWebServerApplicationContext.refresh(ServletWebServerApplicationContext.java:141)
	at org.springframework.boot.SpringApplication.refresh(SpringApplication.java:747)
	at org.springframework.boot.SpringApplication.refreshContext(SpringApplication.java:397)
	at org.springframework.boot.SpringApplication.run(SpringApplication.java:315)
	at org.springframework.boot.SpringApplication.run(SpringApplication.java:1226)
	at org.springframework.boot.SpringApplication.run(SpringApplication.java:1215)
	at raj.com.kafkapoc.KafkapocApplication.main(KafkapocApplication.java:10)
Caused by: org.apache.kafka.common.config.ConfigException: Invalid url in bootstrap.servers: 127.0.0.1
	at org.apache.kafka.clients.ClientUtils.parseAndValidateAddresses(ClientUtils.java:58)
	at org.apache.kafka.clients.ClientUtils.parseAndValidateAddresses(ClientUtils.java:47)
	at org.apache.kafka.clients.admin.KafkaAdminClient.createInternal(KafkaAdminClient.java:367)
	... 13 common frames omitted
2019-12-27 23:04:03,097 INFO org.apache.juli.logging.DirectJDKLog [main] Starting ProtocolHandler ["http-nio-8888"]
2019-12-27 23:04:03,159 INFO org.springframework.boot.web.embedded.tomcat.TomcatWebServer [main] Tomcat started on port(s): 8888 (http) with context path ''
2019-12-27 23:04:03,167 INFO org.springframework.boot.StartupInfoLogger [main] Started KafkapocApplication in 8.089 seconds (JVM running for 10.162)
2019-12-27 23:05:26,400 INFO org.springframework.boot.StartupInfoLogger [main] Starting KafkapocApplication on Raj with PID 15024 (G:\project\kafkapractice\kafkapoc\target\classes started by cyber in G:\project\kafkapractice\kafkapoc)
2019-12-27 23:05:26,409 INFO org.springframework.boot.SpringApplication [main] No active profile set, falling back to default profiles: default
2019-12-27 23:05:30,315 INFO org.springframework.boot.web.embedded.tomcat.TomcatWebServer [main] Tomcat initialized with port(s): 8888 (http)
2019-12-27 23:05:30,334 INFO org.apache.juli.logging.DirectJDKLog [main] Initializing ProtocolHandler ["http-nio-8888"]
2019-12-27 23:05:30,336 INFO org.apache.juli.logging.DirectJDKLog [main] Starting service [Tomcat]
2019-12-27 23:05:30,336 INFO org.apache.juli.logging.DirectJDKLog [main] Starting Servlet engine: [Apache Tomcat/9.0.29]
2019-12-27 23:05:30,663 INFO org.apache.juli.logging.DirectJDKLog [main] Initializing Spring embedded WebApplicationContext
2019-12-27 23:05:30,664 INFO org.springframework.boot.web.servlet.context.ServletWebServerApplicationContext [main] Root WebApplicationContext: initialization completed in 4075 ms
2019-12-27 23:05:31,356 INFO org.springframework.scheduling.concurrent.ExecutorConfigurationSupport [main] Initializing ExecutorService 'applicationTaskExecutor'
2019-12-27 23:05:31,810 INFO org.apache.kafka.common.config.AbstractConfig [main] AdminClientConfig values: 
	bootstrap.servers = [localhost:9092]
	client.dns.lookup = default
	client.id = 
	connections.max.idle.ms = 300000
	metadata.max.age.ms = 300000
	metric.reporters = []
	metrics.num.samples = 2
	metrics.recording.level = INFO
	metrics.sample.window.ms = 30000
	receive.buffer.bytes = 65536
	reconnect.backoff.max.ms = 1000
	reconnect.backoff.ms = 50
	request.timeout.ms = 120000
	retries = 5
	retry.backoff.ms = 100
	sasl.client.callback.handler.class = null
	sasl.jaas.config = null
	sasl.kerberos.kinit.cmd = /usr/bin/kinit
	sasl.kerberos.min.time.before.relogin = 60000
	sasl.kerberos.service.name = null
	sasl.kerberos.ticket.renew.jitter = 0.05
	sasl.kerberos.ticket.renew.window.factor = 0.8
	sasl.login.callback.handler.class = null
	sasl.login.class = null
	sasl.login.refresh.buffer.seconds = 300
	sasl.login.refresh.min.period.seconds = 60
	sasl.login.refresh.window.factor = 0.8
	sasl.login.refresh.window.jitter = 0.05
	sasl.mechanism = GSSAPI
	security.protocol = PLAINTEXT
	send.buffer.bytes = 131072
	ssl.cipher.suites = null
	ssl.enabled.protocols = [TLSv1.2, TLSv1.1, TLSv1]
	ssl.endpoint.identification.algorithm = https
	ssl.key.password = null
	ssl.keymanager.algorithm = SunX509
	ssl.keystore.location = null
	ssl.keystore.password = null
	ssl.keystore.type = JKS
	ssl.protocol = TLS
	ssl.provider = null
	ssl.secure.random.implementation = null
	ssl.trustmanager.algorithm = PKIX
	ssl.truststore.location = null
	ssl.truststore.password = null
	ssl.truststore.type = JKS

2019-12-27 23:05:32,663 INFO org.apache.kafka.common.utils.AppInfoParser$AppInfo [main] Kafka version: 2.3.1
2019-12-27 23:05:32,668 INFO org.apache.kafka.common.utils.AppInfoParser$AppInfo [main] Kafka commitId: 18a913733fb71c01
2019-12-27 23:05:32,669 INFO org.apache.kafka.common.utils.AppInfoParser$AppInfo [main] Kafka startTimeMs: 1577468132659
2019-12-27 23:05:34,768 WARN org.apache.kafka.clients.NetworkClient [kafka-admin-client-thread | adminclient-1] [AdminClient clientId=adminclient-1] Connection to node -1 (localhost/127.0.0.1:9092) could not be established. Broker may not be available.
2019-12-27 23:05:36,874 WARN org.apache.kafka.clients.NetworkClient [kafka-admin-client-thread | adminclient-1] [AdminClient clientId=adminclient-1] Connection to node -1 (localhost/127.0.0.1:9092) could not be established. Broker may not be available.
2019-12-27 23:05:38,979 WARN org.apache.kafka.clients.NetworkClient [kafka-admin-client-thread | adminclient-1] [AdminClient clientId=adminclient-1] Connection to node -1 (localhost/127.0.0.1:9092) could not be established. Broker may not be available.
2019-12-27 23:05:41,186 WARN org.apache.kafka.clients.NetworkClient [kafka-admin-client-thread | adminclient-1] [AdminClient clientId=adminclient-1] Connection to node -1 (localhost/127.0.0.1:9092) could not be established. Broker may not be available.
2019-12-27 23:05:43,592 WARN org.apache.kafka.clients.NetworkClient [kafka-admin-client-thread | adminclient-1] [AdminClient clientId=adminclient-1] Connection to node -1 (localhost/127.0.0.1:9092) could not be established. Broker may not be available.
2019-12-27 23:05:46,603 WARN org.apache.kafka.clients.NetworkClient [kafka-admin-client-thread | adminclient-1] [AdminClient clientId=adminclient-1] Connection to node -1 (localhost/127.0.0.1:9092) could not be established. Broker may not be available.
2019-12-27 23:05:49,814 WARN org.apache.kafka.clients.NetworkClient [kafka-admin-client-thread | adminclient-1] [AdminClient clientId=adminclient-1] Connection to node -1 (localhost/127.0.0.1:9092) could not be established. Broker may not be available.
2019-12-27 23:05:53,025 WARN org.apache.kafka.clients.NetworkClient [kafka-admin-client-thread | adminclient-1] [AdminClient clientId=adminclient-1] Connection to node -1 (localhost/127.0.0.1:9092) could not be established. Broker may not be available.
2019-12-27 23:05:56,136 WARN org.apache.kafka.clients.NetworkClient [kafka-admin-client-thread | adminclient-1] [AdminClient clientId=adminclient-1] Connection to node -1 (localhost/127.0.0.1:9092) could not be established. Broker may not be available.
2019-12-27 23:05:59,344 WARN org.apache.kafka.clients.NetworkClient [kafka-admin-client-thread | adminclient-1] [AdminClient clientId=adminclient-1] Connection to node -1 (localhost/127.0.0.1:9092) could not be established. Broker may not be available.
2019-12-27 23:06:02,254 WARN org.apache.kafka.clients.NetworkClient [kafka-admin-client-thread | adminclient-1] [AdminClient clientId=adminclient-1] Connection to node -1 (localhost/127.0.0.1:9092) could not be established. Broker may not be available.
2019-12-27 23:06:02,702 ERROR org.springframework.core.log.LogAccessor [main] Could not configure topics
org.springframework.kafka.KafkaException: Timed out waiting to get existing topics; nested exception is java.util.concurrent.TimeoutException
	at org.springframework.kafka.core.KafkaAdmin.lambda$checkPartitions$4(KafkaAdmin.java:239)
	at java.util.HashMap.forEach(HashMap.java:1289)
	at org.springframework.kafka.core.KafkaAdmin.checkPartitions(KafkaAdmin.java:218)
	at org.springframework.kafka.core.KafkaAdmin.addTopicsIfNeeded(KafkaAdmin.java:204)
	at org.springframework.kafka.core.KafkaAdmin.initialize(KafkaAdmin.java:174)
	at org.springframework.kafka.core.KafkaAdmin.afterSingletonsInstantiated(KafkaAdmin.java:144)
	at org.springframework.beans.factory.support.DefaultListableBeanFactory.preInstantiateSingletons(DefaultListableBeanFactory.java:896)
	at org.springframework.context.support.AbstractApplicationContext.finishBeanFactoryInitialization(AbstractApplicationContext.java:878)
	at org.springframework.context.support.AbstractApplicationContext.refresh(AbstractApplicationContext.java:550)
	at org.springframework.boot.web.servlet.context.ServletWebServerApplicationContext.refresh(ServletWebServerApplicationContext.java:141)
	at org.springframework.boot.SpringApplication.refresh(SpringApplication.java:747)
	at org.springframework.boot.SpringApplication.refreshContext(SpringApplication.java:397)
	at org.springframework.boot.SpringApplication.run(SpringApplication.java:315)
	at org.springframework.boot.SpringApplication.run(SpringApplication.java:1226)
	at org.springframework.boot.SpringApplication.run(SpringApplication.java:1215)
	at raj.com.kafkapoc.KafkapocApplication.main(KafkapocApplication.java:10)
Caused by: java.util.concurrent.TimeoutException: null
	at org.apache.kafka.common.internals.KafkaFutureImpl$SingleWaiter.await(KafkaFutureImpl.java:108)
	at org.apache.kafka.common.internals.KafkaFutureImpl.get(KafkaFutureImpl.java:272)
	at org.springframework.kafka.core.KafkaAdmin.lambda$checkPartitions$4(KafkaAdmin.java:221)
	... 15 common frames omitted
2019-12-27 23:06:05,509 WARN org.apache.kafka.clients.NetworkClient [kafka-admin-client-thread | adminclient-1] [AdminClient clientId=adminclient-1] Connection to node -1 (localhost/127.0.0.1:9092) could not be established. Broker may not be available.
2019-12-27 23:06:08,520 WARN org.apache.kafka.clients.NetworkClient [kafka-admin-client-thread | adminclient-1] [AdminClient clientId=adminclient-1] Connection to node -1 (localhost/127.0.0.1:9092) could not be established. Broker may not be available.
2019-12-27 23:06:11,430 WARN org.apache.kafka.clients.NetworkClient [kafka-admin-client-thread | adminclient-1] [AdminClient clientId=adminclient-1] Connection to node -1 (localhost/127.0.0.1:9092) could not be established. Broker may not be available.
2019-12-27 23:06:12,705 INFO org.apache.kafka.clients.admin.KafkaAdminClient$AdminClientRunnable [kafka-admin-client-thread | adminclient-1] [AdminClient clientId=adminclient-1] Forcing a hard I/O thread shutdown. Requests in progress will be aborted.
2019-12-27 23:06:12,707 INFO org.apache.kafka.clients.admin.internals.AdminMetadataManager [kafka-admin-client-thread | adminclient-1] [AdminClient clientId=adminclient-1] Metadata update failed
org.apache.kafka.common.errors.TimeoutException: Timed out waiting to send the call.
2019-12-27 23:06:12,774 INFO org.apache.juli.logging.DirectJDKLog [main] Starting ProtocolHandler ["http-nio-8888"]
2019-12-27 23:06:12,812 INFO org.springframework.boot.web.embedded.tomcat.TomcatWebServer [main] Tomcat started on port(s): 8888 (http) with context path ''
2019-12-27 23:06:12,818 INFO org.springframework.boot.StartupInfoLogger [main] Started KafkapocApplication in 47.912 seconds (JVM running for 49.109)
2019-12-27 23:10:28,330 INFO org.springframework.boot.StartupInfoLogger [main] Starting KafkapocApplication on Raj with PID 14908 (G:\project\kafkapractice\kafkapoc\target\classes started by cyber in G:\project\kafkapractice\kafkapoc)
2019-12-27 23:10:28,343 INFO org.springframework.boot.SpringApplication [main] No active profile set, falling back to default profiles: default
2019-12-27 23:10:32,771 INFO org.springframework.boot.web.embedded.tomcat.TomcatWebServer [main] Tomcat initialized with port(s): 8888 (http)
2019-12-27 23:10:32,791 INFO org.apache.juli.logging.DirectJDKLog [main] Initializing ProtocolHandler ["http-nio-8888"]
2019-12-27 23:10:32,792 INFO org.apache.juli.logging.DirectJDKLog [main] Starting service [Tomcat]
2019-12-27 23:10:32,793 INFO org.apache.juli.logging.DirectJDKLog [main] Starting Servlet engine: [Apache Tomcat/9.0.29]
2019-12-27 23:10:33,012 INFO org.apache.juli.logging.DirectJDKLog [main] Initializing Spring embedded WebApplicationContext
2019-12-27 23:10:33,013 INFO org.springframework.boot.web.servlet.context.ServletWebServerApplicationContext [main] Root WebApplicationContext: initialization completed in 4425 ms
2019-12-27 23:10:33,697 INFO org.springframework.scheduling.concurrent.ExecutorConfigurationSupport [main] Initializing ExecutorService 'applicationTaskExecutor'
2019-12-27 23:10:34,242 INFO org.apache.kafka.common.config.AbstractConfig [main] AdminClientConfig values: 
	bootstrap.servers = [localhost:9092]
	client.dns.lookup = default
	client.id = 
	connections.max.idle.ms = 300000
	metadata.max.age.ms = 300000
	metric.reporters = []
	metrics.num.samples = 2
	metrics.recording.level = INFO
	metrics.sample.window.ms = 30000
	receive.buffer.bytes = 65536
	reconnect.backoff.max.ms = 1000
	reconnect.backoff.ms = 50
	request.timeout.ms = 120000
	retries = 5
	retry.backoff.ms = 100
	sasl.client.callback.handler.class = null
	sasl.jaas.config = null
	sasl.kerberos.kinit.cmd = /usr/bin/kinit
	sasl.kerberos.min.time.before.relogin = 60000
	sasl.kerberos.service.name = null
	sasl.kerberos.ticket.renew.jitter = 0.05
	sasl.kerberos.ticket.renew.window.factor = 0.8
	sasl.login.callback.handler.class = null
	sasl.login.class = null
	sasl.login.refresh.buffer.seconds = 300
	sasl.login.refresh.min.period.seconds = 60
	sasl.login.refresh.window.factor = 0.8
	sasl.login.refresh.window.jitter = 0.05
	sasl.mechanism = GSSAPI
	security.protocol = PLAINTEXT
	send.buffer.bytes = 131072
	ssl.cipher.suites = null
	ssl.enabled.protocols = [TLSv1.2, TLSv1.1, TLSv1]
	ssl.endpoint.identification.algorithm = https
	ssl.key.password = null
	ssl.keymanager.algorithm = SunX509
	ssl.keystore.location = null
	ssl.keystore.password = null
	ssl.keystore.type = JKS
	ssl.protocol = TLS
	ssl.provider = null
	ssl.secure.random.implementation = null
	ssl.trustmanager.algorithm = PKIX
	ssl.truststore.location = null
	ssl.truststore.password = null
	ssl.truststore.type = JKS

2019-12-27 23:10:34,643 INFO org.apache.kafka.common.utils.AppInfoParser$AppInfo [main] Kafka version: 2.3.1
2019-12-27 23:10:34,646 INFO org.apache.kafka.common.utils.AppInfoParser$AppInfo [main] Kafka commitId: 18a913733fb71c01
2019-12-27 23:10:34,647 INFO org.apache.kafka.common.utils.AppInfoParser$AppInfo [main] Kafka startTimeMs: 1577468434641
2019-12-27 23:10:36,663 WARN org.apache.kafka.clients.NetworkClient [kafka-admin-client-thread | adminclient-1] [AdminClient clientId=adminclient-1] Connection to node -1 (localhost/127.0.0.1:9092) could not be established. Broker may not be available.
2019-12-27 23:10:38,767 WARN org.apache.kafka.clients.NetworkClient [kafka-admin-client-thread | adminclient-1] [AdminClient clientId=adminclient-1] Connection to node -1 (localhost/127.0.0.1:9092) could not be established. Broker may not be available.
2019-12-27 23:10:40,874 WARN org.apache.kafka.clients.NetworkClient [kafka-admin-client-thread | adminclient-1] [AdminClient clientId=adminclient-1] Connection to node -1 (localhost/127.0.0.1:9092) could not be established. Broker may not be available.
2019-12-27 23:10:43,083 WARN org.apache.kafka.clients.NetworkClient [kafka-admin-client-thread | adminclient-1] [AdminClient clientId=adminclient-1] Connection to node -1 (localhost/127.0.0.1:9092) could not be established. Broker may not be available.
2019-12-27 23:10:45,589 WARN org.apache.kafka.clients.NetworkClient [kafka-admin-client-thread | adminclient-1] [AdminClient clientId=adminclient-1] Connection to node -1 (localhost/127.0.0.1:9092) could not be established. Broker may not be available.
2019-12-27 23:10:48,396 WARN org.apache.kafka.clients.NetworkClient [kafka-admin-client-thread | adminclient-1] [AdminClient clientId=adminclient-1] Connection to node -1 (localhost/127.0.0.1:9092) could not be established. Broker may not be available.
2019-12-27 23:10:51,408 WARN org.apache.kafka.clients.NetworkClient [kafka-admin-client-thread | adminclient-1] [AdminClient clientId=adminclient-1] Connection to node -1 (localhost/127.0.0.1:9092) could not be established. Broker may not be available.
2019-12-27 23:10:54,619 WARN org.apache.kafka.clients.NetworkClient [kafka-admin-client-thread | adminclient-1] [AdminClient clientId=adminclient-1] Connection to node -1 (localhost/127.0.0.1:9092) could not be established. Broker may not be available.
2019-12-27 23:10:57,628 WARN org.apache.kafka.clients.NetworkClient [kafka-admin-client-thread | adminclient-1] [AdminClient clientId=adminclient-1] Connection to node -1 (localhost/127.0.0.1:9092) could not be established. Broker may not be available.
2019-12-27 23:11:00,537 WARN org.apache.kafka.clients.NetworkClient [kafka-admin-client-thread | adminclient-1] [AdminClient clientId=adminclient-1] Connection to node -1 (localhost/127.0.0.1:9092) could not be established. Broker may not be available.
2019-12-27 23:11:03,748 WARN org.apache.kafka.clients.NetworkClient [kafka-admin-client-thread | adminclient-1] [AdminClient clientId=adminclient-1] Connection to node -1 (localhost/127.0.0.1:9092) could not be established. Broker may not be available.
2019-12-27 23:11:04,663 ERROR org.springframework.core.log.LogAccessor [main] Could not configure topics
org.springframework.kafka.KafkaException: Timed out waiting to get existing topics; nested exception is java.util.concurrent.TimeoutException
	at org.springframework.kafka.core.KafkaAdmin.lambda$checkPartitions$4(KafkaAdmin.java:239)
	at java.util.HashMap.forEach(HashMap.java:1289)
	at org.springframework.kafka.core.KafkaAdmin.checkPartitions(KafkaAdmin.java:218)
	at org.springframework.kafka.core.KafkaAdmin.addTopicsIfNeeded(KafkaAdmin.java:204)
	at org.springframework.kafka.core.KafkaAdmin.initialize(KafkaAdmin.java:174)
	at org.springframework.kafka.core.KafkaAdmin.afterSingletonsInstantiated(KafkaAdmin.java:144)
	at org.springframework.beans.factory.support.DefaultListableBeanFactory.preInstantiateSingletons(DefaultListableBeanFactory.java:896)
	at org.springframework.context.support.AbstractApplicationContext.finishBeanFactoryInitialization(AbstractApplicationContext.java:878)
	at org.springframework.context.support.AbstractApplicationContext.refresh(AbstractApplicationContext.java:550)
	at org.springframework.boot.web.servlet.context.ServletWebServerApplicationContext.refresh(ServletWebServerApplicationContext.java:141)
	at org.springframework.boot.SpringApplication.refresh(SpringApplication.java:747)
	at org.springframework.boot.SpringApplication.refreshContext(SpringApplication.java:397)
	at org.springframework.boot.SpringApplication.run(SpringApplication.java:315)
	at org.springframework.boot.SpringApplication.run(SpringApplication.java:1226)
	at org.springframework.boot.SpringApplication.run(SpringApplication.java:1215)
	at raj.com.kafkapoc.KafkapocApplication.main(KafkapocApplication.java:10)
Caused by: java.util.concurrent.TimeoutException: null
	at org.apache.kafka.common.internals.KafkaFutureImpl$SingleWaiter.await(KafkaFutureImpl.java:108)
	at org.apache.kafka.common.internals.KafkaFutureImpl.get(KafkaFutureImpl.java:272)
	at org.springframework.kafka.core.KafkaAdmin.lambda$checkPartitions$4(KafkaAdmin.java:221)
	... 15 common frames omitted
2019-12-27 23:11:06,869 WARN org.apache.kafka.clients.NetworkClient [kafka-admin-client-thread | adminclient-1] [AdminClient clientId=adminclient-1] Connection to node -1 (localhost/127.0.0.1:9092) could not be established. Broker may not be available.
2019-12-27 23:11:09,779 WARN org.apache.kafka.clients.NetworkClient [kafka-admin-client-thread | adminclient-1] [AdminClient clientId=adminclient-1] Connection to node -1 (localhost/127.0.0.1:9092) could not be established. Broker may not be available.
2019-12-27 23:11:12,789 WARN org.apache.kafka.clients.NetworkClient [kafka-admin-client-thread | adminclient-1] [AdminClient clientId=adminclient-1] Connection to node -1 (localhost/127.0.0.1:9092) could not be established. Broker may not be available.
2019-12-27 23:11:14,666 INFO org.apache.kafka.clients.admin.KafkaAdminClient$AdminClientRunnable [kafka-admin-client-thread | adminclient-1] [AdminClient clientId=adminclient-1] Forcing a hard I/O thread shutdown. Requests in progress will be aborted.
2019-12-27 23:11:14,667 INFO org.apache.kafka.clients.admin.internals.AdminMetadataManager [kafka-admin-client-thread | adminclient-1] [AdminClient clientId=adminclient-1] Metadata update failed
org.apache.kafka.common.errors.TimeoutException: Timed out waiting to send the call.
2019-12-27 23:11:14,716 INFO org.apache.juli.logging.DirectJDKLog [main] Starting ProtocolHandler ["http-nio-8888"]
2019-12-27 23:11:14,760 INFO org.springframework.boot.web.embedded.tomcat.TomcatWebServer [main] Tomcat started on port(s): 8888 (http) with context path ''
2019-12-27 23:11:14,777 INFO org.springframework.boot.StartupInfoLogger [main] Started KafkapocApplication in 48.788 seconds (JVM running for 50.324)
2019-12-27 23:43:58,045 INFO org.springframework.boot.StartupInfoLogger [main] Starting KafkapocApplication on Raj with PID 9280 (G:\project\kafkapractice\kafkapoc\target\classes started by cyber in G:\project\kafkapractice\kafkapoc)
2019-12-27 23:43:58,071 INFO org.springframework.boot.SpringApplication [main] No active profile set, falling back to default profiles: default
2019-12-27 23:44:02,713 INFO org.springframework.boot.web.embedded.tomcat.TomcatWebServer [main] Tomcat initialized with port(s): 8888 (http)
2019-12-27 23:44:02,797 INFO org.apache.juli.logging.DirectJDKLog [main] Initializing ProtocolHandler ["http-nio-8888"]
2019-12-27 23:44:02,799 INFO org.apache.juli.logging.DirectJDKLog [main] Starting service [Tomcat]
2019-12-27 23:44:02,799 INFO org.apache.juli.logging.DirectJDKLog [main] Starting Servlet engine: [Apache Tomcat/9.0.29]
2019-12-27 23:44:03,484 INFO org.apache.juli.logging.DirectJDKLog [main] Initializing Spring embedded WebApplicationContext
2019-12-27 23:44:03,486 INFO org.springframework.boot.web.servlet.context.ServletWebServerApplicationContext [main] Root WebApplicationContext: initialization completed in 5257 ms
2019-12-27 23:44:04,762 INFO org.springframework.scheduling.concurrent.ExecutorConfigurationSupport [main] Initializing ExecutorService 'applicationTaskExecutor'
2019-12-27 23:44:05,431 INFO org.apache.kafka.common.config.AbstractConfig [main] AdminClientConfig values: 
	bootstrap.servers = [localhost:9092]
	client.dns.lookup = default
	client.id = 
	connections.max.idle.ms = 300000
	metadata.max.age.ms = 300000
	metric.reporters = []
	metrics.num.samples = 2
	metrics.recording.level = INFO
	metrics.sample.window.ms = 30000
	receive.buffer.bytes = 65536
	reconnect.backoff.max.ms = 1000
	reconnect.backoff.ms = 50
	request.timeout.ms = 120000
	retries = 5
	retry.backoff.ms = 100
	sasl.client.callback.handler.class = null
	sasl.jaas.config = null
	sasl.kerberos.kinit.cmd = /usr/bin/kinit
	sasl.kerberos.min.time.before.relogin = 60000
	sasl.kerberos.service.name = null
	sasl.kerberos.ticket.renew.jitter = 0.05
	sasl.kerberos.ticket.renew.window.factor = 0.8
	sasl.login.callback.handler.class = null
	sasl.login.class = null
	sasl.login.refresh.buffer.seconds = 300
	sasl.login.refresh.min.period.seconds = 60
	sasl.login.refresh.window.factor = 0.8
	sasl.login.refresh.window.jitter = 0.05
	sasl.mechanism = GSSAPI
	security.protocol = PLAINTEXT
	send.buffer.bytes = 131072
	ssl.cipher.suites = null
	ssl.enabled.protocols = [TLSv1.2, TLSv1.1, TLSv1]
	ssl.endpoint.identification.algorithm = https
	ssl.key.password = null
	ssl.keymanager.algorithm = SunX509
	ssl.keystore.location = null
	ssl.keystore.password = null
	ssl.keystore.type = JKS
	ssl.protocol = TLS
	ssl.provider = null
	ssl.secure.random.implementation = null
	ssl.trustmanager.algorithm = PKIX
	ssl.truststore.location = null
	ssl.truststore.password = null
	ssl.truststore.type = JKS

2019-12-27 23:44:05,992 INFO org.apache.kafka.common.utils.AppInfoParser$AppInfo [main] Kafka version: 2.3.1
2019-12-27 23:44:05,994 INFO org.apache.kafka.common.utils.AppInfoParser$AppInfo [main] Kafka commitId: 18a913733fb71c01
2019-12-27 23:44:05,995 INFO org.apache.kafka.common.utils.AppInfoParser$AppInfo [main] Kafka startTimeMs: 1577470445989
2019-12-27 23:44:08,471 INFO org.apache.juli.logging.DirectJDKLog [main] Starting ProtocolHandler ["http-nio-8888"]
2019-12-27 23:44:08,513 INFO org.springframework.boot.web.embedded.tomcat.TomcatWebServer [main] Tomcat started on port(s): 8888 (http) with context path ''
2019-12-27 23:44:08,524 INFO org.springframework.boot.StartupInfoLogger [main] Started KafkapocApplication in 11.943 seconds (JVM running for 13.184)
2019-12-27 23:46:03,775 INFO org.springframework.boot.StartupInfoLogger [main] Starting KafkapocApplication on Raj with PID 11728 (G:\project\kafkapractice\kafkapoc\target\classes started by cyber in G:\project\kafkapractice\kafkapoc)
2019-12-27 23:46:03,812 INFO org.springframework.boot.SpringApplication [main] No active profile set, falling back to default profiles: default
2019-12-27 23:46:28,225 INFO org.springframework.boot.web.embedded.tomcat.TomcatWebServer [main] Tomcat initialized with port(s): 8888 (http)
2019-12-27 23:46:28,600 INFO org.apache.juli.logging.DirectJDKLog [main] Initializing ProtocolHandler ["http-nio-8888"]
2019-12-27 23:46:28,602 INFO org.apache.juli.logging.DirectJDKLog [main] Starting service [Tomcat]
2019-12-27 23:46:28,603 INFO org.apache.juli.logging.DirectJDKLog [main] Starting Servlet engine: [Apache Tomcat/9.0.29]
2019-12-27 23:46:31,141 INFO org.apache.juli.logging.DirectJDKLog [main] Initializing Spring embedded WebApplicationContext
2019-12-27 23:46:31,142 INFO org.springframework.boot.web.servlet.context.ServletWebServerApplicationContext [main] Root WebApplicationContext: initialization completed in 27102 ms
2019-12-27 23:46:35,745 INFO org.springframework.scheduling.concurrent.ExecutorConfigurationSupport [main] Initializing ExecutorService 'applicationTaskExecutor'
2019-12-27 23:46:41,106 INFO org.apache.kafka.common.config.AbstractConfig [main] AdminClientConfig values: 
	bootstrap.servers = [localhost:9092]
	client.dns.lookup = default
	client.id = 
	connections.max.idle.ms = 300000
	metadata.max.age.ms = 300000
	metric.reporters = []
	metrics.num.samples = 2
	metrics.recording.level = INFO
	metrics.sample.window.ms = 30000
	receive.buffer.bytes = 65536
	reconnect.backoff.max.ms = 1000
	reconnect.backoff.ms = 50
	request.timeout.ms = 120000
	retries = 5
	retry.backoff.ms = 100
	sasl.client.callback.handler.class = null
	sasl.jaas.config = null
	sasl.kerberos.kinit.cmd = /usr/bin/kinit
	sasl.kerberos.min.time.before.relogin = 60000
	sasl.kerberos.service.name = null
	sasl.kerberos.ticket.renew.jitter = 0.05
	sasl.kerberos.ticket.renew.window.factor = 0.8
	sasl.login.callback.handler.class = null
	sasl.login.class = null
	sasl.login.refresh.buffer.seconds = 300
	sasl.login.refresh.min.period.seconds = 60
	sasl.login.refresh.window.factor = 0.8
	sasl.login.refresh.window.jitter = 0.05
	sasl.mechanism = GSSAPI
	security.protocol = PLAINTEXT
	send.buffer.bytes = 131072
	ssl.cipher.suites = null
	ssl.enabled.protocols = [TLSv1.2, TLSv1.1, TLSv1]
	ssl.endpoint.identification.algorithm = https
	ssl.key.password = null
	ssl.keymanager.algorithm = SunX509
	ssl.keystore.location = null
	ssl.keystore.password = null
	ssl.keystore.type = JKS
	ssl.protocol = TLS
	ssl.provider = null
	ssl.secure.random.implementation = null
	ssl.trustmanager.algorithm = PKIX
	ssl.truststore.location = null
	ssl.truststore.password = null
	ssl.truststore.type = JKS

2019-12-27 23:46:57,896 INFO org.apache.kafka.common.utils.AppInfoParser$AppInfo [main] Kafka version: 2.3.1
2019-12-27 23:46:58,294 INFO org.apache.kafka.common.utils.AppInfoParser$AppInfo [main] Kafka commitId: 18a913733fb71c01
2019-12-27 23:46:58,295 INFO org.apache.kafka.common.utils.AppInfoParser$AppInfo [main] Kafka startTimeMs: 1577470617828
2019-12-27 23:47:02,423 INFO org.apache.juli.logging.DirectJDKLog [main] Starting ProtocolHandler ["http-nio-8888"]
2019-12-27 23:47:02,891 INFO org.springframework.boot.web.embedded.tomcat.TomcatWebServer [main] Tomcat started on port(s): 8888 (http) with context path ''
2019-12-27 23:47:03,070 INFO org.springframework.boot.StartupInfoLogger [main] Started KafkapocApplication in 63.278 seconds (JVM running for 66.576)
2019-12-27 23:48:42,707 INFO org.apache.juli.logging.DirectJDKLog [http-nio-8888-exec-1] Initializing Spring DispatcherServlet 'dispatcherServlet'
2019-12-27 23:48:42,708 INFO org.springframework.web.servlet.FrameworkServlet [http-nio-8888-exec-1] Initializing Servlet 'dispatcherServlet'
2019-12-27 23:48:42,749 INFO org.springframework.web.servlet.FrameworkServlet [http-nio-8888-exec-1] Completed initialization in 40 ms
2019-12-27 23:48:43,009 WARN org.springframework.web.servlet.handler.AbstractHandlerExceptionResolver [http-nio-8888-exec-1] Resolved [org.springframework.web.HttpMediaTypeNotSupportedException: Content type '' not supported]
2019-12-27 23:49:49,649 INFO org.springframework.boot.StartupInfoLogger [main] Starting KafkapocApplication on Raj with PID 9840 (G:\project\kafkapractice\kafkapoc\target\classes started by cyber in G:\project\kafkapractice\kafkapoc)
2019-12-27 23:49:49,681 INFO org.springframework.boot.SpringApplication [main] No active profile set, falling back to default profiles: default
2019-12-27 23:49:54,301 INFO org.springframework.boot.web.embedded.tomcat.TomcatWebServer [main] Tomcat initialized with port(s): 8888 (http)
2019-12-27 23:49:54,331 INFO org.apache.juli.logging.DirectJDKLog [main] Initializing ProtocolHandler ["http-nio-8888"]
2019-12-27 23:49:54,332 INFO org.apache.juli.logging.DirectJDKLog [main] Starting service [Tomcat]
2019-12-27 23:49:54,333 INFO org.apache.juli.logging.DirectJDKLog [main] Starting Servlet engine: [Apache Tomcat/9.0.29]
2019-12-27 23:49:54,609 INFO org.apache.juli.logging.DirectJDKLog [main] Initializing Spring embedded WebApplicationContext
2019-12-27 23:49:54,610 INFO org.springframework.boot.web.servlet.context.ServletWebServerApplicationContext [main] Root WebApplicationContext: initialization completed in 4670 ms
2019-12-27 23:49:55,315 INFO org.springframework.scheduling.concurrent.ExecutorConfigurationSupport [main] Initializing ExecutorService 'applicationTaskExecutor'
2019-12-27 23:49:55,862 INFO org.apache.kafka.common.config.AbstractConfig [main] AdminClientConfig values: 
	bootstrap.servers = [localhost:9092]
	client.dns.lookup = default
	client.id = 
	connections.max.idle.ms = 300000
	metadata.max.age.ms = 300000
	metric.reporters = []
	metrics.num.samples = 2
	metrics.recording.level = INFO
	metrics.sample.window.ms = 30000
	receive.buffer.bytes = 65536
	reconnect.backoff.max.ms = 1000
	reconnect.backoff.ms = 50
	request.timeout.ms = 120000
	retries = 5
	retry.backoff.ms = 100
	sasl.client.callback.handler.class = null
	sasl.jaas.config = null
	sasl.kerberos.kinit.cmd = /usr/bin/kinit
	sasl.kerberos.min.time.before.relogin = 60000
	sasl.kerberos.service.name = null
	sasl.kerberos.ticket.renew.jitter = 0.05
	sasl.kerberos.ticket.renew.window.factor = 0.8
	sasl.login.callback.handler.class = null
	sasl.login.class = null
	sasl.login.refresh.buffer.seconds = 300
	sasl.login.refresh.min.period.seconds = 60
	sasl.login.refresh.window.factor = 0.8
	sasl.login.refresh.window.jitter = 0.05
	sasl.mechanism = GSSAPI
	security.protocol = PLAINTEXT
	send.buffer.bytes = 131072
	ssl.cipher.suites = null
	ssl.enabled.protocols = [TLSv1.2, TLSv1.1, TLSv1]
	ssl.endpoint.identification.algorithm = https
	ssl.key.password = null
	ssl.keymanager.algorithm = SunX509
	ssl.keystore.location = null
	ssl.keystore.password = null
	ssl.keystore.type = JKS
	ssl.protocol = TLS
	ssl.provider = null
	ssl.secure.random.implementation = null
	ssl.trustmanager.algorithm = PKIX
	ssl.truststore.location = null
	ssl.truststore.password = null
	ssl.truststore.type = JKS

2019-12-27 23:49:56,511 INFO org.apache.kafka.common.utils.AppInfoParser$AppInfo [main] Kafka version: 2.3.1
2019-12-27 23:49:56,516 INFO org.apache.kafka.common.utils.AppInfoParser$AppInfo [main] Kafka commitId: 18a913733fb71c01
2019-12-27 23:49:56,516 INFO org.apache.kafka.common.utils.AppInfoParser$AppInfo [main] Kafka startTimeMs: 1577470796507
2019-12-27 23:49:57,107 INFO org.apache.juli.logging.DirectJDKLog [main] Starting ProtocolHandler ["http-nio-8888"]
2019-12-27 23:49:57,151 INFO org.springframework.boot.web.embedded.tomcat.TomcatWebServer [main] Tomcat started on port(s): 8888 (http) with context path ''
2019-12-27 23:49:57,172 INFO org.springframework.boot.StartupInfoLogger [main] Started KafkapocApplication in 9.923 seconds (JVM running for 16.215)
2019-12-27 23:50:12,587 INFO org.apache.juli.logging.DirectJDKLog [http-nio-8888-exec-1] Initializing Spring DispatcherServlet 'dispatcherServlet'
2019-12-27 23:50:12,589 INFO org.springframework.web.servlet.FrameworkServlet [http-nio-8888-exec-1] Initializing Servlet 'dispatcherServlet'
2019-12-27 23:50:12,628 INFO org.springframework.web.servlet.FrameworkServlet [http-nio-8888-exec-1] Completed initialization in 38 ms
2019-12-27 23:50:12,714 WARN org.springframework.web.servlet.handler.AbstractHandlerExceptionResolver [http-nio-8888-exec-1] Resolved [org.springframework.web.bind.MissingServletRequestParameterException: Required String parameter 'message' is not present]
2019-12-27 23:50:37,220 WARN org.springframework.web.servlet.handler.AbstractHandlerExceptionResolver [http-nio-8888-exec-3] Resolved [org.springframework.web.bind.MissingServletRequestParameterException: Required String parameter 'message' is not present]
2019-12-27 23:54:14,922 INFO org.springframework.boot.StartupInfoLogger [main] Starting KafkapocApplication on Raj with PID 9232 (G:\project\kafkapractice\kafkapoc\target\classes started by cyber in G:\project\kafkapractice\kafkapoc)
2019-12-27 23:54:14,946 INFO org.springframework.boot.SpringApplication [main] No active profile set, falling back to default profiles: default
2019-12-27 23:54:18,922 INFO org.springframework.boot.web.embedded.tomcat.TomcatWebServer [main] Tomcat initialized with port(s): 8888 (http)
2019-12-27 23:54:18,947 INFO org.apache.juli.logging.DirectJDKLog [main] Initializing ProtocolHandler ["http-nio-8888"]
2019-12-27 23:54:18,949 INFO org.apache.juli.logging.DirectJDKLog [main] Starting service [Tomcat]
2019-12-27 23:54:18,950 INFO org.apache.juli.logging.DirectJDKLog [main] Starting Servlet engine: [Apache Tomcat/9.0.29]
2019-12-27 23:54:19,179 INFO org.apache.juli.logging.DirectJDKLog [main] Initializing Spring embedded WebApplicationContext
2019-12-27 23:54:19,180 INFO org.springframework.boot.web.servlet.context.ServletWebServerApplicationContext [main] Root WebApplicationContext: initialization completed in 3922 ms
2019-12-27 23:54:19,969 INFO org.springframework.scheduling.concurrent.ExecutorConfigurationSupport [main] Initializing ExecutorService 'applicationTaskExecutor'
2019-12-27 23:54:20,694 INFO org.apache.kafka.common.config.AbstractConfig [main] AdminClientConfig values: 
	bootstrap.servers = [localhost:9092]
	client.dns.lookup = default
	client.id = 
	connections.max.idle.ms = 300000
	metadata.max.age.ms = 300000
	metric.reporters = []
	metrics.num.samples = 2
	metrics.recording.level = INFO
	metrics.sample.window.ms = 30000
	receive.buffer.bytes = 65536
	reconnect.backoff.max.ms = 1000
	reconnect.backoff.ms = 50
	request.timeout.ms = 120000
	retries = 5
	retry.backoff.ms = 100
	sasl.client.callback.handler.class = null
	sasl.jaas.config = null
	sasl.kerberos.kinit.cmd = /usr/bin/kinit
	sasl.kerberos.min.time.before.relogin = 60000
	sasl.kerberos.service.name = null
	sasl.kerberos.ticket.renew.jitter = 0.05
	sasl.kerberos.ticket.renew.window.factor = 0.8
	sasl.login.callback.handler.class = null
	sasl.login.class = null
	sasl.login.refresh.buffer.seconds = 300
	sasl.login.refresh.min.period.seconds = 60
	sasl.login.refresh.window.factor = 0.8
	sasl.login.refresh.window.jitter = 0.05
	sasl.mechanism = GSSAPI
	security.protocol = PLAINTEXT
	send.buffer.bytes = 131072
	ssl.cipher.suites = null
	ssl.enabled.protocols = [TLSv1.2, TLSv1.1, TLSv1]
	ssl.endpoint.identification.algorithm = https
	ssl.key.password = null
	ssl.keymanager.algorithm = SunX509
	ssl.keystore.location = null
	ssl.keystore.password = null
	ssl.keystore.type = JKS
	ssl.protocol = TLS
	ssl.provider = null
	ssl.secure.random.implementation = null
	ssl.trustmanager.algorithm = PKIX
	ssl.truststore.location = null
	ssl.truststore.password = null
	ssl.truststore.type = JKS

2019-12-27 23:54:21,257 INFO org.apache.kafka.common.utils.AppInfoParser$AppInfo [main] Kafka version: 2.3.1
2019-12-27 23:54:21,263 INFO org.apache.kafka.common.utils.AppInfoParser$AppInfo [main] Kafka commitId: 18a913733fb71c01
2019-12-27 23:54:21,264 INFO org.apache.kafka.common.utils.AppInfoParser$AppInfo [main] Kafka startTimeMs: 1577471061251
2019-12-27 23:54:21,878 INFO org.apache.juli.logging.DirectJDKLog [main] Starting ProtocolHandler ["http-nio-8888"]
2019-12-27 23:54:21,920 INFO org.springframework.boot.web.embedded.tomcat.TomcatWebServer [main] Tomcat started on port(s): 8888 (http) with context path ''
2019-12-27 23:54:21,928 INFO org.springframework.boot.StartupInfoLogger [main] Started KafkapocApplication in 8.727 seconds (JVM running for 9.971)
2019-12-27 23:54:32,500 INFO org.apache.juli.logging.DirectJDKLog [http-nio-8888-exec-1] Initializing Spring DispatcherServlet 'dispatcherServlet'
2019-12-27 23:54:32,501 INFO org.springframework.web.servlet.FrameworkServlet [http-nio-8888-exec-1] Initializing Servlet 'dispatcherServlet'
2019-12-27 23:54:32,519 INFO org.springframework.web.servlet.FrameworkServlet [http-nio-8888-exec-1] Completed initialization in 18 ms
2019-12-27 23:54:32,712 INFO org.apache.kafka.common.config.AbstractConfig [http-nio-8888-exec-1] ProducerConfig values: 
	acks = 1
	batch.size = 16384
	bootstrap.servers = [localhost:9092]
	buffer.memory = 33554432
	client.dns.lookup = default
	client.id = 
	compression.type = none
	connections.max.idle.ms = 540000
	delivery.timeout.ms = 120000
	enable.idempotence = false
	interceptor.classes = []
	key.serializer = class org.apache.kafka.common.serialization.StringSerializer
	linger.ms = 0
	max.block.ms = 60000
	max.in.flight.requests.per.connection = 5
	max.request.size = 1048576
	metadata.max.age.ms = 300000
	metric.reporters = []
	metrics.num.samples = 2
	metrics.recording.level = INFO
	metrics.sample.window.ms = 30000
	partitioner.class = class org.apache.kafka.clients.producer.internals.DefaultPartitioner
	receive.buffer.bytes = 32768
	reconnect.backoff.max.ms = 1000
	reconnect.backoff.ms = 50
	request.timeout.ms = 30000
	retries = 2147483647
	retry.backoff.ms = 100
	sasl.client.callback.handler.class = null
	sasl.jaas.config = null
	sasl.kerberos.kinit.cmd = /usr/bin/kinit
	sasl.kerberos.min.time.before.relogin = 60000
	sasl.kerberos.service.name = null
	sasl.kerberos.ticket.renew.jitter = 0.05
	sasl.kerberos.ticket.renew.window.factor = 0.8
	sasl.login.callback.handler.class = null
	sasl.login.class = null
	sasl.login.refresh.buffer.seconds = 300
	sasl.login.refresh.min.period.seconds = 60
	sasl.login.refresh.window.factor = 0.8
	sasl.login.refresh.window.jitter = 0.05
	sasl.mechanism = GSSAPI
	security.protocol = PLAINTEXT
	send.buffer.bytes = 131072
	ssl.cipher.suites = null
	ssl.enabled.protocols = [TLSv1.2, TLSv1.1, TLSv1]
	ssl.endpoint.identification.algorithm = https
	ssl.key.password = null
	ssl.keymanager.algorithm = SunX509
	ssl.keystore.location = null
	ssl.keystore.password = null
	ssl.keystore.type = JKS
	ssl.protocol = TLS
	ssl.provider = null
	ssl.secure.random.implementation = null
	ssl.trustmanager.algorithm = PKIX
	ssl.truststore.location = null
	ssl.truststore.password = null
	ssl.truststore.type = JKS
	transaction.timeout.ms = 60000
	transactional.id = null
	value.serializer = class org.apache.kafka.common.serialization.StringSerializer

2019-12-27 23:54:32,830 INFO org.apache.kafka.common.utils.AppInfoParser$AppInfo [http-nio-8888-exec-1] Kafka version: 2.3.1
2019-12-27 23:54:32,831 INFO org.apache.kafka.common.utils.AppInfoParser$AppInfo [http-nio-8888-exec-1] Kafka commitId: 18a913733fb71c01
2019-12-27 23:54:32,832 INFO org.apache.kafka.common.utils.AppInfoParser$AppInfo [http-nio-8888-exec-1] Kafka startTimeMs: 1577471072828
2019-12-27 23:54:32,895 INFO org.apache.kafka.clients.Metadata [kafka-producer-network-thread | producer-1] [Producer clientId=producer-1] Cluster ID: lmgCk0jlRgOJ3e2q4dyV2Q
